  test.cpp
D:\2021\vector\test.cpp(151,20): warning C4018: “<”: 有符号/无符号不匹配
D:\2021\vector\test.cpp(160,20): warning C4018: “<”: 有符号/无符号不匹配
D:\2021\vector\test.cpp(190,20): warning C4018: “<”: 有符号/无符号不匹配
D:\2021\vector\vector.h(31,22): warning C4018: “<”: 有符号/无符号不匹配
D:\2021\vector\vector.h(28): message : 在编译 类 模板 成员函数“sjp::vector<int>::vector(size_t,T)”时
          with
          [
              T=int
          ]
D:\2021\vector\test.cpp(214): message : 查看对正在编译的函数 模板 实例化“sjp::vector<int>::vector(size_t,T)”的引用
          with
          [
              T=int
          ]
D:\2021\vector\test.cpp(141): message : 查看对正在编译的 类 模板 实例化“sjp::vector<int>”的引用
D:\2021\vector\vector.h(128,24): warning C4018: “<”: 有符号/无符号不匹配
D:\2021\vector\vector.h(120): message : 在编译 类 模板 成员函数“void sjp::vector<int>::reserve(size_t)”时
D:\2021\vector\vector.h(166): message : 查看对正在编译的函数 模板 实例化“void sjp::vector<int>::reserve(size_t)”的引用
  vector.vcxproj -> D:\2021\vector\Debug\vector.exe
